2024-08-21 14:08:31 [main] DEBUG com.employeeservices.repository.impl.EmployeeFileSystemRepositoryImplementation [getAllEmployees] - Attempt to fetch all employees from file
2024-08-21 14:08:31 [main] DEBUG com.employeeservices.repository.impl.EmployeeFileSystemRepositoryImplementation [getAddress] - Attempt to get address of employee from file system with id :5
2024-08-21 14:08:31 [main] INFO  com.employeeservices.repository.impl.EmployeeFileSystemRepositoryImplementation [getAddress] - Employee address fetched from file system with id : 5
2024-08-21 14:08:31 [main] INFO  com.employeeservices.repository.impl.EmployeeFileSystemRepositoryImplementation [getAllEmployees] - List<Employee> returned successfully
2024-08-21 14:10:27 [main] DEBUG com.employeeservices.repository.impl.EmployeeFileSystemRepositoryImplementation [getAllEmployees] - Attempt to fetch all employees from file
2024-08-21 14:10:27 [main] DEBUG com.employeeservices.repository.impl.EmployeeFileSystemRepositoryImplementation [getAddress] - Attempt to get address of employee from file system with id :5
2024-08-21 14:10:27 [main] INFO  com.employeeservices.repository.impl.EmployeeFileSystemRepositoryImplementation [getAddress] - Employee address fetched from file system with id : 5
2024-08-21 14:10:27 [main] INFO  com.employeeservices.repository.impl.EmployeeFileSystemRepositoryImplementation [getAllEmployees] - List<Employee> returned successfully
2024-08-21 14:10:33 [main] DEBUG com.employeeservices.repository.impl.EmployeeFileSystemRepositoryImplementation [close] - Attempt to close file system  resources
2024-08-21 14:10:33 [main] INFO  com.employeeservices.repository.impl.EmployeeFileSystemRepositoryImplementation [close] - File system Resources closed
2024-08-21 14:10:38 [main] DEBUG com.employeeservices.repository.impl.EmployeeFileSystemRepositoryImplementation [getAllEmployees] - Attempt to fetch all employees from file
2024-08-21 14:10:38 [main] DEBUG com.employeeservices.repository.impl.EmployeeFileSystemRepositoryImplementation [getAddress] - Attempt to get address of employee from file system with id :5
2024-08-21 14:10:38 [main] INFO  com.employeeservices.repository.impl.EmployeeFileSystemRepositoryImplementation [getAddress] - Employee address fetched from file system with id : 5
2024-08-21 14:10:38 [main] INFO  com.employeeservices.repository.impl.EmployeeFileSystemRepositoryImplementation [getAllEmployees] - List<Employee> returned successfully
2024-08-21 14:11:08 [main] DEBUG com.employeeservices.repository.impl.EmployeeFileSystemRepositoryImplementation [updateEmployee] - Attempt to update an employee in file System with id :5
2024-08-21 14:11:08 [main] INFO  com.employeeservices.repository.impl.EmployeeFileSystemRepositoryImplementation [updateEmployee] - Employee updated successfully in file
2024-08-21 14:11:19 [main] DEBUG com.employeeservices.repository.impl.EmployeeFileSystemRepositoryImplementation [getEmployeeById] - Attempt to get an employee from file system with id  5
2024-08-21 14:11:19 [main] ERROR com.employeeservices.repository.impl.EmployeeFileSystemRepositoryImplementation [getEmployeeById] - Exception while fetching employee from file system with id : 5
com.employeeservices.exceptions.EmployeeNotFoundException: No employee found with given Id
	at com.employeeservices.repository.impl.EmployeeFileSystemRepositoryImplementation.getEmployeeById(EmployeeFileSystemRepositoryImplementation.java:179) [classes/:?]
	at com.employeeservices.services.impl.EmployeeFileSystemServices.getEmployeeById(EmployeeFileSystemServices.java:47) [classes/:?]
	at com.employeeservices.controllers.CLIController.startOperations(CLIController.java:190) [classes/:?]
	at com.employeeservices.App.main(App.java:8) [classes/:?]
2024-08-21 14:11:24 [main] DEBUG com.employeeservices.repository.impl.EmployeeFileSystemRepositoryImplementation [getAllEmployees] - Attempt to fetch all employees from file
2024-08-21 14:11:24 [main] INFO  com.employeeservices.repository.impl.EmployeeFileSystemRepositoryImplementation [getAllEmployees] - List<Employee> returned successfully
2024-08-21 14:14:13 [main] DEBUG com.employeeservices.repository.impl.EmployeeFileSystemRepositoryImplementation [getAllEmployees] - Attempt to fetch all employees from file
2024-08-21 14:14:13 [main] DEBUG com.employeeservices.repository.impl.EmployeeFileSystemRepositoryImplementation [getAddress] - Attempt to get address of employee from file system with id :1
2024-08-21 14:14:13 [main] INFO  com.employeeservices.repository.impl.EmployeeFileSystemRepositoryImplementation [getAddress] - Employee address fetched from file system with id : 1
2024-08-21 14:14:13 [main] INFO  com.employeeservices.repository.impl.EmployeeFileSystemRepositoryImplementation [getAllEmployees] - List<Employee> returned successfully
2024-08-21 14:14:36 [main] DEBUG com.employeeservices.repository.impl.EmployeeFileSystemRepositoryImplementation [updateEmployee] - Attempt to update an employee in file System with id :1
2024-08-21 14:14:36 [main] INFO  com.employeeservices.repository.impl.EmployeeFileSystemRepositoryImplementation [updateEmployee] - Employee updated successfully in file
2024-08-21 14:14:39 [main] DEBUG com.employeeservices.repository.impl.EmployeeFileSystemRepositoryImplementation [getAllEmployees] - Attempt to fetch all employees from file
2024-08-21 14:14:39 [main] DEBUG com.employeeservices.repository.impl.EmployeeFileSystemRepositoryImplementation [getAddress] - Attempt to get address of employee from file system with id :-1
2024-08-21 14:14:39 [main] INFO  com.employeeservices.repository.impl.EmployeeFileSystemRepositoryImplementation [getAddress] - Employee address fetched from file system with id : -1
2024-08-21 14:14:39 [main] INFO  com.employeeservices.repository.impl.EmployeeFileSystemRepositoryImplementation [getAllEmployees] - List<Employee> returned successfully
2024-08-21 14:15:02 [main] DEBUG com.employeeservices.repository.impl.EmployeeFileSystemRepositoryImplementation [deleteEmployee] - Attempt to delete an Employee from file system with id: -1
2024-08-21 14:15:02 [main] INFO  com.employeeservices.repository.impl.EmployeeFileSystemRepositoryImplementation [deleteEmployee] - Employee deleted successfully from file system  with id : -1Employee{empId=-1, empName='Pradeep', address=Address{location='LBnagar', pincode=892392}}
2024-08-21 14:15:10 [main] DEBUG com.employeeservices.repository.impl.EmployeeFileSystemRepositoryImplementation [close] - Attempt to close file system  resources
2024-08-21 14:15:10 [main] INFO  com.employeeservices.repository.impl.EmployeeFileSystemRepositoryImplementation [close] - File system Resources closed
2024-08-21 14:16:30 [main] DEBUG com.employeeservices.repository.impl.EmployeeFileSystemRepositoryImplementation [addEmployee] - Attempt to add an employee to file
2024-08-21 14:16:30 [main] INFO  com.employeeservices.repository.impl.EmployeeFileSystemRepositoryImplementation [addEmployee] - Employee added successfully to file
2024-08-21 14:16:53 [main] DEBUG com.employeeservices.repository.impl.EmployeeFileSystemRepositoryImplementation [addEmployee] - Attempt to add an employee to file
2024-08-21 14:16:53 [main] INFO  com.employeeservices.repository.impl.EmployeeFileSystemRepositoryImplementation [addEmployee] - Employee added successfully to file
2024-08-21 14:16:58 [main] DEBUG com.employeeservices.repository.impl.EmployeeFileSystemRepositoryImplementation [getAllEmployees] - Attempt to fetch all employees from file
2024-08-21 14:16:58 [main] DEBUG com.employeeservices.repository.impl.EmployeeFileSystemRepositoryImplementation [getAddress] - Attempt to get address of employee from file system with id :6
2024-08-21 14:16:58 [main] INFO  com.employeeservices.repository.impl.EmployeeFileSystemRepositoryImplementation [getAddress] - Employee address fetched from file system with id : 6
2024-08-21 14:16:58 [main] DEBUG com.employeeservices.repository.impl.EmployeeFileSystemRepositoryImplementation [getAddress] - Attempt to get address of employee from file system with id :7
2024-08-21 14:16:58 [main] INFO  com.employeeservices.repository.impl.EmployeeFileSystemRepositoryImplementation [getAddress] - Employee address fetched from file system with id : 7
2024-08-21 14:16:58 [main] INFO  com.employeeservices.repository.impl.EmployeeFileSystemRepositoryImplementation [getAllEmployees] - List<Employee> returned successfully
2024-08-21 14:17:30 [main] DEBUG com.employeeservices.repository.impl.EmployeeFileSystemRepositoryImplementation [updateEmployee] - Attempt to update an employee in file System with id :7
2024-08-21 14:17:30 [main] INFO  com.employeeservices.repository.impl.EmployeeFileSystemRepositoryImplementation [updateEmployee] - Employee updated successfully in file
2024-08-21 14:17:35 [main] DEBUG com.employeeservices.repository.impl.EmployeeFileSystemRepositoryImplementation [getAllEmployees] - Attempt to fetch all employees from file
2024-08-21 14:17:35 [main] DEBUG com.employeeservices.repository.impl.EmployeeFileSystemRepositoryImplementation [getAddress] - Attempt to get address of employee from file system with id :6
2024-08-21 14:17:35 [main] INFO  com.employeeservices.repository.impl.EmployeeFileSystemRepositoryImplementation [getAddress] - Employee address fetched from file system with id : 6
2024-08-21 14:17:35 [main] DEBUG com.employeeservices.repository.impl.EmployeeFileSystemRepositoryImplementation [getAddress] - Attempt to get address of employee from file system with id :7
2024-08-21 14:17:35 [main] INFO  com.employeeservices.repository.impl.EmployeeFileSystemRepositoryImplementation [getAddress] - Employee address fetched from file system with id : 7
2024-08-21 14:17:35 [main] INFO  com.employeeservices.repository.impl.EmployeeFileSystemRepositoryImplementation [getAllEmployees] - List<Employee> returned successfully
2024-08-21 14:17:40 [main] DEBUG com.employeeservices.repository.impl.EmployeeFileSystemRepositoryImplementation [getEmployeeById] - Attempt to get an employee from file system with id  6
2024-08-21 14:17:40 [main] DEBUG com.employeeservices.repository.impl.EmployeeFileSystemRepositoryImplementation [getAddress] - Attempt to get address of employee from file system with id :6
2024-08-21 14:17:40 [main] INFO  com.employeeservices.repository.impl.EmployeeFileSystemRepositoryImplementation [getAddress] - Employee address fetched from file system with id : 6
2024-08-21 14:17:40 [main] INFO  com.employeeservices.repository.impl.EmployeeFileSystemRepositoryImplementation [getEmployeeById] - Employee fetched successfully from file system with id : 6
2024-08-21 14:17:45 [main] DEBUG com.employeeservices.repository.impl.EmployeeFileSystemRepositoryImplementation [getEmployeeByName] - Attempt to fetch employees by name from file with name :Eshwar 
2024-08-21 14:17:45 [main] DEBUG com.employeeservices.repository.impl.EmployeeFileSystemRepositoryImplementation [getAddress] - Attempt to get address of employee from file system with id :7
2024-08-21 14:17:45 [main] INFO  com.employeeservices.repository.impl.EmployeeFileSystemRepositoryImplementation [getAddress] - Employee address fetched from file system with id : 7
2024-08-21 14:17:45 [main] INFO  com.employeeservices.repository.impl.EmployeeFileSystemRepositoryImplementation [getEmployeeByName] - Employees fetched successfully from file system with name : Eshwar
2024-08-21 14:17:48 [main] DEBUG com.employeeservices.repository.impl.EmployeeFileSystemRepositoryImplementation [close] - Attempt to close file system  resources
2024-08-21 14:17:48 [main] INFO  com.employeeservices.repository.impl.EmployeeFileSystemRepositoryImplementation [close] - File system Resources closed
